0 info it worked if it ends with ok
1 verbose cli [ '/usr/local/bin/node',
1 verbose cli   '/usr/local/bin/npm',
1 verbose cli   'i',
1 verbose cli   '--save',
1 verbose cli   'gulp-utils' ]
2 info using npm@2.14.7
3 info using node@v4.2.1
4 verbose install initial load of /Users/dread/Apps/api-deploy/package.json
5 verbose installManyTop reading scoped package data from /Users/dread/Apps/api-deploy/node_modules/async/package.json
6 verbose installManyTop reading scoped package data from /Users/dread/Apps/api-deploy/node_modules/aws-sdk/package.json
7 verbose installManyTop reading scoped package data from /Users/dread/Apps/api-deploy/node_modules/aws4/package.json
8 verbose installManyTop reading scoped package data from /Users/dread/Apps/api-deploy/node_modules/browserify/package.json
9 verbose installManyTop reading scoped package data from /Users/dread/Apps/api-deploy/node_modules/deepmerge/package.json
10 verbose installManyTop reading scoped package data from /Users/dread/Apps/api-deploy/node_modules/gulp/package.json
11 verbose installManyTop reading scoped package data from /Users/dread/Apps/api-deploy/node_modules/gulp-if/package.json
12 verbose installManyTop reading scoped package data from /Users/dread/Apps/api-deploy/node_modules/gulp-uglify/package.json
13 verbose installManyTop reading scoped package data from /Users/dread/Apps/api-deploy/node_modules/gulp-util/package.json
14 verbose installManyTop reading scoped package data from /Users/dread/Apps/api-deploy/node_modules/gulp-vinyl-zip/package.json
15 verbose installManyTop reading scoped package data from /Users/dread/Apps/api-deploy/node_modules/handlebars/package.json
16 verbose installManyTop reading scoped package data from /Users/dread/Apps/api-deploy/node_modules/hapi/package.json
17 verbose installManyTop reading scoped package data from /Users/dread/Apps/api-deploy/node_modules/live-modules/package.json
18 verbose installManyTop reading scoped package data from /Users/dread/Apps/api-deploy/node_modules/minifyify/package.json
19 verbose installManyTop reading scoped package data from /Users/dread/Apps/api-deploy/node_modules/pluralize/package.json
20 verbose installManyTop reading scoped package data from /Users/dread/Apps/api-deploy/node_modules/uuid/package.json
21 verbose installManyTop reading scoped package data from /Users/dread/Apps/api-deploy/node_modules/vinyl-buffer/package.json
22 verbose installManyTop reading scoped package data from /Users/dread/Apps/api-deploy/node_modules/vinyl-source-stream/package.json
23 verbose installManyTop reading scoped package data from /Users/dread/Apps/api-deploy/node_modules/yargs/package.json
24 info package.json uuid@2.0.1 No license field.
25 verbose readDependencies loading dependencies from /Users/dread/Apps/api-deploy/package.json
26 silly cache add args [ 'gulp-utils', null ]
27 verbose cache add spec gulp-utils
28 silly cache add parsed spec Result {
28 silly cache add   raw: 'gulp-utils',
28 silly cache add   scope: null,
28 silly cache add   name: 'gulp-utils',
28 silly cache add   rawSpec: '',
28 silly cache add   spec: '*',
28 silly cache add   type: 'range' }
29 silly addNamed gulp-utils@*
30 verbose addNamed "*" is a valid semver range for gulp-utils
31 silly addNameRange { name: 'gulp-utils', range: '*', hasData: false }
32 silly mapToRegistry name gulp-utils
33 silly mapToRegistry using default registry
34 silly mapToRegistry registry https://registry.npmjs.org/
35 silly mapToRegistry uri https://registry.npmjs.org/gulp-utils
36 verbose addNameRange registry:https://registry.npmjs.org/gulp-utils not in flight; fetching
37 verbose request uri https://registry.npmjs.org/gulp-utils
38 verbose request no auth needed
39 info attempt registry request try #1 at 4:14:50 PM
40 verbose request using bearer token for auth
41 verbose request id e0c0d52d005892df
42 http request GET https://registry.npmjs.org/gulp-utils
43 http 404 https://registry.npmjs.org/gulp-utils
44 verbose headers { 'content-type': 'application/json',
44 verbose headers   'cache-control': 'max-age=0',
44 verbose headers   'content-length': '2',
44 verbose headers   'accept-ranges': 'bytes',
44 verbose headers   date: 'Tue, 17 Nov 2015 20:14:50 GMT',
44 verbose headers   via: '1.1 varnish',
44 verbose headers   connection: 'keep-alive',
44 verbose headers   'x-served-by': 'cache-atl6223-ATL',
44 verbose headers   'x-cache': 'MISS',
44 verbose headers   'x-cache-hits': '0',
44 verbose headers   'x-timer': 'S1447791290.884447,VS0,VE30' }
45 silly get cb [ 404,
45 silly get   { 'content-type': 'application/json',
45 silly get     'cache-control': 'max-age=0',
45 silly get     'content-length': '2',
45 silly get     'accept-ranges': 'bytes',
45 silly get     date: 'Tue, 17 Nov 2015 20:14:50 GMT',
45 silly get     via: '1.1 varnish',
45 silly get     connection: 'keep-alive',
45 silly get     'x-served-by': 'cache-atl6223-ATL',
45 silly get     'x-cache': 'MISS',
45 silly get     'x-cache-hits': '0',
45 silly get     'x-timer': 'S1447791290.884447,VS0,VE30' } ]
46 verbose stack Error: Registry returned 404 for GET on https://registry.npmjs.org/gulp-utils
46 verbose stack     at makeError (/usr/local/lib/node_modules/npm/node_modules/npm-registry-client/lib/request.js:264:12)
46 verbose stack     at CachingRegistryClient.<anonymous> (/usr/local/lib/node_modules/npm/node_modules/npm-registry-client/lib/request.js:242:14)
46 verbose stack     at Request._callback (/usr/local/lib/node_modules/npm/node_modules/npm-registry-client/lib/request.js:172:14)
46 verbose stack     at Request.self.callback (/usr/local/lib/node_modules/npm/node_modules/request/request.js:198:22)
46 verbose stack     at emitTwo (events.js:87:13)
46 verbose stack     at Request.emit (events.js:172:7)
46 verbose stack     at Request.<anonymous> (/usr/local/lib/node_modules/npm/node_modules/request/request.js:1063:14)
46 verbose stack     at emitOne (events.js:82:20)
46 verbose stack     at Request.emit (events.js:169:7)
46 verbose stack     at IncomingMessage.<anonymous> (/usr/local/lib/node_modules/npm/node_modules/request/request.js:1009:12)
47 verbose statusCode 404
48 verbose pkgid gulp-utils
49 verbose cwd /Users/dread/Apps/api-deploy
50 error Darwin 14.5.0
51 error argv "/usr/local/bin/node" "/usr/local/bin/npm" "i" "--save" "gulp-utils"
52 error node v4.2.1
53 error npm  v2.14.7
54 error code E404
55 error 404 Registry returned 404 for GET on https://registry.npmjs.org/gulp-utils
55 error 404
55 error 404 'gulp-utils' is not in the npm registry.
55 error 404 You should bug the author to publish it (or use the name yourself!)
55 error 404 It was specified as a dependency of 'api-deploy'
55 error 404
55 error 404 Note that you can also install from a
55 error 404 tarball, folder, http url, or git url.
56 verbose exit [ 1, true ]
